[14:15:52:301] [ERROR] - org.springframework.boot.SpringApplication.reportFailure(SpringApplication.java:771) - Application startup failed
org.springframework.context.ApplicationContextException: Unable to start embedded container; nested exception is org.springframework.context.ApplicationContextException: Unable to start EmbeddedWebApplicationContext due to missing EmbeddedServletContainerFactory bean.
	at org.springframework.boot.context.embedded.EmbeddedWebApplicationContext.onRefresh(EmbeddedWebApplicationContext.java:137) ~[spring-boot-1.5.8.RELEASE.jar:1.5.8.RELEASE]
	at org.springframework.context.support.AbstractApplicationContext.refresh(AbstractApplicationContext.java:537) ~[spring-context-4.3.12.RELEASE.jar:4.3.12.RELEASE]
	at org.springframework.boot.context.embedded.EmbeddedWebApplicationContext.refresh(EmbeddedWebApplicationContext.java:122) ~[spring-boot-1.5.8.RELEASE.jar:1.5.8.RELEASE]
	at org.springframework.boot.SpringApplication.refresh(SpringApplication.java:693) [spring-boot-1.5.8.RELEASE.jar:1.5.8.RELEASE]
	at org.springframework.boot.SpringApplication.refreshContext(SpringApplication.java:360) [spring-boot-1.5.8.RELEASE.jar:1.5.8.RELEASE]
	at org.springframework.boot.SpringApplication.run(SpringApplication.java:303) [spring-boot-1.5.8.RELEASE.jar:1.5.8.RELEASE]
	at org.springframework.boot.SpringApplication.run(SpringApplication.java:1118) [spring-boot-1.5.8.RELEASE.jar:1.5.8.RELEASE]
	at org.springframework.boot.SpringApplication.run(SpringApplication.java:1107) [spring-boot-1.5.8.RELEASE.jar:1.5.8.RELEASE]
	at com.ut.web.springBootStoreApplication.main(springBootStoreApplication.java:19) [classes/:?]
	at sun.reflect.NativeMethodAccessorImpl.invoke0(Native Method) ~[?:1.7.0_80]
	at sun.reflect.NativeMethodAccessorImpl.invoke(NativeMethodAccessorImpl.java:57) ~[?:1.7.0_80]
	at sun.reflect.DelegatingMethodAccessorImpl.invoke(DelegatingMethodAccessorImpl.java:43) ~[?:1.7.0_80]
	at java.lang.reflect.Method.invoke(Method.java:606) ~[?:1.7.0_80]
	at org.springframework.boot.devtools.restart.RestartLauncher.run(RestartLauncher.java:49) [spring-boot-devtools-1.5.8.RELEASE.jar:1.5.8.RELEASE]
Caused by: org.springframework.context.ApplicationContextException: Unable to start EmbeddedWebApplicationContext due to missing EmbeddedServletContainerFactory bean.
	at org.springframework.boot.context.embedded.EmbeddedWebApplicationContext.getEmbeddedServletContainerFactory(EmbeddedWebApplicationContext.java:189) ~[spring-boot-1.5.8.RELEASE.jar:1.5.8.RELEASE]
	at org.springframework.boot.context.embedded.EmbeddedWebApplicationContext.createEmbeddedServletContainer(EmbeddedWebApplicationContext.java:162) ~[spring-boot-1.5.8.RELEASE.jar:1.5.8.RELEASE]
	at org.springframework.boot.context.embedded.EmbeddedWebApplicationContext.onRefresh(EmbeddedWebApplicationContext.java:134) ~[spring-boot-1.5.8.RELEASE.jar:1.5.8.RELEASE]
	... 13 more
